>> simulation3(1,10);
     Type: 'twister'
     Seed: 0
    State: [625x1 uint32]

simulating for radius random
..........
..........
..........
n =    2 complete after   0.1
..........
..........
..........
n =    4 complete after   0.3
..........
..........
..........
n =    8 complete after   0.5
..........
..........
..........
n =   16 complete after   1.4
..........
..........
..........
n =   32 complete after   4.6
..........
..........
..........
n =   64 complete after  16.8
..........
..........
..........
n =  128 complete after  64.2
..........
..........
..........
n =  256 complete after 249.7
..........
..........
..........
n =  512 complete after 980.8
..........
..........
..........
n = 1024 complete after 3893.8
simuation for radius const
..........
..........
..........
radius 0.1 complete
..........
..........
..........
radius 0.2 complete
..........
..........
..........
radius 0.3 complete
..........
..........
..........
radius 0.4 complete
..........
..........
..........
radius 0.5 complete
n =    2 complete after 3894.1
..........
..........
..........
radius 0.1 complete
..........
..........
..........
radius 0.2 complete
..........
..........
..........
radius 0.3 complete
..........
..........
..........
radius 0.4 complete
..........
..........
..........
radius 0.5 complete
n =    4 complete after 3894.7
..........
..........
..........
radius 0.1 complete
..........
..........
..........
radius 0.2 complete
..........
..........
..........
radius 0.3 complete
..........
..........
..........
radius 0.4 complete
..........
..........
..........
radius 0.5 complete
n =    8 complete after 3896.1
..........
..........
..........
radius 0.1 complete
..........
..........
..........
radius 0.2 complete
..........
..........
..........
radius 0.3 complete
..........
..........
..........
radius 0.4 complete
..........
..........
..........
radius 0.5 complete
n =   16 complete after 3900.5
..........
..........
..........
radius 0.1 complete
..........
..........
..........
radius 0.2 complete
..........
..........
..........
radius 0.3 complete
..........
..........
..........
radius 0.4 complete
..........
..........
..........
radius 0.5 complete
n =   32 complete after 3916.2
..........
..........
..........
radius 0.1 complete
..........
..........
..........
radius 0.2 complete
..........
..........
..........
radius 0.3 complete
..........
..........
..........
radius 0.4 complete
..........
..........
..........
radius 0.5 complete
n =   64 complete after 3975.4
..........
..........
..........
radius 0.1 complete
..........
..........
..........
radius 0.2 complete
..........
..........
..........
radius 0.3 complete
..........
..........
..........
radius 0.4 complete
..........
..........
..........
radius 0.5 complete
n =  128 complete after 4207.3
..........
..........
..........
radius 0.1 complete
..........
..........
..........
radius 0.2 complete
..........
..........
..........
radius 0.3 complete
..........
..........
..........
radius 0.4 complete
..........
..........
..........
radius 0.5 complete
n =  256 complete after 5126.2
..........
..........
..........
radius 0.1 complete
..........
..........
..........
radius 0.2 complete
..........
..........
..........
radius 0.3 complete
..........
..........
..........
radius 0.4 complete
..........
..........
..........
radius 0.5 complete
n =  512 complete after 8717.1
..........
..........
..........
radius 0.1 complete
..........
..........
..........
radius 0.2 complete
..........
..........
..........
radius 0.3 complete
..........
..........
..........
radius 0.4 complete
..........
..........
..........
radius 0.5 complete
n = 1024 complete after 23014.0

n=2^t for t=1:10
r=0.1:0.1:0.5
f=0:0.5:1
m=10
